<?xml version="1.0" encoding="UTF-8"?>
<!-- Generated by org.testng.reporters.JUnitXMLReporter -->
<testsuite ignored="7" hostname="LAPTOP-86S1QFM6" failures="0" tests="2" name="Test" time="0.048" errors="0" timestamp="2024-08-07T11:54:06 IST">
  <testcase classname="testNG.groupingdemo" name="paymentinrupee" time="0.009"/>
  <testcase classname="testNG.groupingdemo" name="payementreturnbybank" time="0.001"/>
  <testcase classname="testNG.groupingdemo" name="loginbytwitter" time="0.0">
    <ignored/>
  </testcase> <!-- loginbytwitter -->
  <testcase classname="testNG.groupingdemo" name="siginbyfacebook" time="0.0">
    <ignored/>
  </testcase> <!-- siginbyfacebook -->
  <testcase classname="testNG.groupingdemo" name="loginbyfacebook" time="0.0">
    <ignored/>
  </testcase> <!-- loginbyfacebook -->
  <testcase classname="testNG.groupingdemo" name="siginByEmail" time="0.0">
    <ignored/>
  </testcase> <!-- siginByEmail -->
  <testcase classname="testNG.groupingdemo" name="loginByEmail" time="0.0">
    <ignored/>
  </testcase> <!-- loginByEmail -->
  <testcase classname="testNG.groupingdemo" name="siginbytwitter" time="0.0">
    <ignored/>
  </testcase> <!-- siginbytwitter -->
  <testcase classname="testNG.groupingdemo" name="paymentindollar" time="0.0">
    <ignored/>
  </testcase> <!-- paymentindollar -->
</testsuite> <!-- Test -->
