<?xml version="1.0" encoding="UTF-8"?>
<!-- Generated by org.testng.reporters.JUnitXMLReporter -->
<testsuite ignored="0" hostname="LAPTOP-86S1QFM6" failures="0" tests="7" name="Test" time="20.033" errors="0" timestamp="2024-07-31T13:08:02 IST">
  <testcase classname="testNG.orangerhrm_login" name="tearup" time="5.719"/>
  <testcase classname="testNG.orangerhrm_login" name="logo" time="3.039"/>
  <testcase classname="testNG.orangerhrm_login" name="login" time="10.849"/>
  <testcase classname="testNG.orangerhrm_login" name="teardown" time="0.337"/>
  <testcase classname="testNG.First_test" name="openURL" time="0.006"/>
  <testcase classname="testNG.First_test" name="Login" time="0.004"/>
  <testcase classname="testNG.First_test" name="Logout" time="0.001"/>
</testsuite> <!-- Test -->
