<?xml version="1.0" encoding="UTF-8"?>
<testng-results ignored="7" total="9" passed="2" failed="0" skipped="0">
  <reporter-output>
  </reporter-output>
  <suite started-at="2024-08-07T11:54:06 IST" name="Suite.g" finished-at="2024-08-07T11:54:06 IST" duration-ms="48">
    <groups>
      <group name="functional">
        <method signature="groupingdemo.payementreturnbybank()[pri:9, instance:testNG.groupingdemo@47af7f3d]" name="payementreturnbybank" class="testNG.groupingdemo"/>
        <method signature="groupingdemo.paymentinrupee()[pri:7, instance:testNG.groupingdemo@47af7f3d]" name="paymentinrupee" class="testNG.groupingdemo"/>
      </group> <!-- functional -->
      <group name="regrisson">
        <method signature="groupingdemo.payementreturnbybank()[pri:9, instance:testNG.groupingdemo@47af7f3d]" name="payementreturnbybank" class="testNG.groupingdemo"/>
        <method signature="groupingdemo.paymentinrupee()[pri:7, instance:testNG.groupingdemo@47af7f3d]" name="paymentinrupee" class="testNG.groupingdemo"/>
      </group> <!-- regrisson -->
      <group name="sanity">
        <method signature="groupingdemo.payementreturnbybank()[pri:9, instance:testNG.groupingdemo@47af7f3d]" name="payementreturnbybank" class="testNG.groupingdemo"/>
        <method signature="groupingdemo.paymentinrupee()[pri:7, instance:testNG.groupingdemo@47af7f3d]" name="paymentinrupee" class="testNG.groupingdemo"/>
      </group> <!-- sanity -->
    </groups>
    <test started-at="2024-08-07T11:54:06 IST" name="Test" finished-at="2024-08-07T11:54:06 IST" duration-ms="48">
      <class name="testNG.groupingdemo">
        <test-method signature="paymentinrupee()[pri:7, instance:testNG.groupingdemo@47af7f3d]" started-at="2024-08-07T11:54:06 IST" name="paymentinrupee" finished-at="2024-08-07T11:54:06 IST" duration-ms="9" status="PASS">
          <reporter-output>
          </reporter-output>
        </test-method> <!-- paymentinrupee -->
        <test-method signature="payementreturnbybank()[pri:9, instance:testNG.groupingdemo@47af7f3d]" started-at="2024-08-07T11:54:06 IST" name="payementreturnbybank" finished-at="2024-08-07T11:54:06 IST" duration-ms="1" status="PASS">
          <reporter-output>
          </reporter-output>
        </test-method> <!-- payementreturnbybank -->
      </class> <!-- testNG.groupingdemo -->
    </test> <!-- Test -->
  </suite> <!-- Suite.g -->
</testng-results>
